
--- Job PSA_MOF_12.gms Start 01/11/22 18:15:19 27.2.0 r944b73f WEX-WEI x86 64bit/MS Windows
--- GAMS Parameters defined
    Input C:\Users\zhangx\Desktop\PSA\PSA_MOF\12\PSA_MOF_12.gms
    PageWidth 80
    PageSize 0
    PageContr 3
    Action CE
    ScrDir C:\Users\zhangx\Documents\gamsdir\projdir\225a\
    SysDir C:\Program Files\GAMS\win64\27.2\
    WorkDir C:\Users\zhangx\Documents\gamsdir\projdir\
    LogOption 3
    DFormat 0
    TFormat 0
    ErrorLog 99
    IDE 1
GAMS 27.2.0   Copyright (C) 1987-2019 GAMS Development. All rights reserved
Licensee: Small MUD - 5 User License                     S190613/0001AP-GEN
          Max-Planck Institut fuer Dynamik komplexer, technischer SysDC3422
          License for teaching and research at degree granting institutions
          License Admin: Gerrit Danker, danker@mpi-magdeburg.mpg.de        
--- Starting compilation
--- PSA_MOF_12.gms(42) 3 Mb
--- call del PSA_MOF_12.gdx
--- PSA_MOF_12.gms(43) 3 Mb
--- call GDXXRW I=PSA_MOF_12.xlsx O=PSA_MOF_12.gdx Index=In_index!A1

GDXXRW           27.2.0 r944b73f Released May 23, 2019 VS8 x86 32bit/MS Window
Input file : C:\Users\zhangx\Documents\gamsdir\projdir\PSA_MOF_12.xlsx
Output file: C:\Users\zhangx\Documents\gamsdir\projdir\PSA_MOF_12.gdx
Substituting Index
Total time = 2672 Ms
--- PSA_MOF_12.gms(45) 3 Mb
--- GDXin=C:\Users\zhangx\Documents\gamsdir\projdir\PSA_MOF_12.gdx
--- PSA_MOF_12.gms(456) 3 Mb
--- Starting execution: elapsed 0:00:02.923
--- PSA_MOF_12.gms(419) 5 Mb
--- Generating NLP model PSA_BenchMark
--- PSA_MOF_12.gms(423) 12 Mb
---   10,850 rows  10,255 columns  54,012 non-zeroes
---   180,006 nl-code  43,864 nl-non-zeroes
--- PSA_MOF_12.gms(423) 9 Mb
--- Executing CONOPT4: elapsed 0:00:02.978

CONOPT 4         27.2.0 r944b73f Released May 23, 2019 WEI x86 64bit/MS Window
 
 
    C O N O P T   version 4.12
    Copyright (C) ARKI Consulting and Development A/S
                  Bagsvaerdvej 246 A
                  DK-2880 Bagsvaerd, Denmark
    Licensed to:  GAMS/CONOPT OEM License
 
 
    The user model has 10850 constraints and 10255 variables
    with 54012 Jacobian elements, 43864 of which are nonlinear.
 
    Iter Phase   Ninf   Infeasibility   RGmax      NSB   Step  InItr MX OK
       0   0          3.3810542626E+08 (Input point)
 
    The pre-triangular part of the model has 724 constraints and 124 variables.
    The post-triangular part of the model has 209 constraints and variables.
    There are 1430 definitional constraints and defined variables.
 
    Preprocessed model has 8487 constraints and 8492 variables
    with 46105 Jacobian elements, 40004 of which are nonlinear.
 
    Iter Phase   Ninf   Infeasibility   RGmax      NSB   Step  InItr MX OK
                      3.3799848841E+08 (Full preprocessed model)
                      4.3834739565E+03 (After scaling)
                      1.0637944044E+02 (After adjusting individual variables)
       1  S0       0  1.0641707398E+02                 1.0E+00    23 T  T
       2  S0       0  1.5492439445E+02                 1.0E+00    24 T  T
       3  S0       0  1.5422629144E+02                 5.0E-01    25 F  F
       4  S0       0  1.4528515689E+02                 1.0E+00    22 T  T
       5  S0       0  1.4412257535E+02                 1.0E+00    24 T  T
       6  S0       0  1.4395704922E+02                 5.0E-01    24 F  F
       7   0       0  1.3699680007E+02                 1.0E+00    23 T  T
 
    Iter Phase   Ninf   Infeasibility   RGmax      NSB   Step  InItr MX OK
       8  S0       0  1.3466208371E+02                 1.0E+00    24 T  T
       9  S0       0  1.3552993643E+02                 2.5E-01    25 F  F
      10   0       0  1.3101016395E+02                 1.0E+00    23 T  T
      11   0       0  1.2477338382E+02                 1.0E+00    23 T  T
      12  S0       0  1.2521160131E+02                 1.0E+00    25 T  T
      13  S0       0  1.2526021252E+02                 5.0E-01    25 F  F
      14  S0       0  1.2426190173E+02                 5.0E-01    24 F  F
      15  S0       0  1.2241072126E+02                 1.0E+00    24 T  T
      16  S0       0  1.2219973759E+02                 1.0E+00    25 T  T
      17  S0       0  1.2211858803E+02                 5.0E-01    25 F  F
 
    Iter Phase   Ninf   Infeasibility   RGmax      NSB   Step  InItr MX OK
      18   0       0  1.1897443000E+02                 1.0E+00    24 T  T
      19  S0       0  1.1773097197E+02                 1.0E+00    24 T  T
      20   0       0  1.1755656664E+02                 2.5E-01    25 F  F
      21   1    8384  1.1709435097E+02 3.9E+03      25 3.5E-01    25 F  F
      22   1    8384  1.1695501283E+02 1.8E+03      25 1.3E-01    25 F  F
      23   1    8384  1.1640845474E+02 1.7E+03      25 4.6E-01    25 F  F
      24   1    8384  1.1589040933E+02 4.6E+02      24 9.8E-01    25 F  F
      25   1    8383  1.1570895352E+02 2.8E+03      25 8.1E-01    25 F  F
      26   1    8371  1.1565402808E+02 1.2E+03      23 1.0E+00    25 T  T
      27   1    8368  1.1556267969E+02 2.2E+03      23 1.0E+00    25 T  T
 
    Iter Phase   Ninf   Infeasibility   RGmax      NSB   Step  InItr MX OK
      28   1    8365  1.1541909149E+02 1.6E+03      23 1.0E+00    25 T  T
      29   1    8357  1.1519065794E+02 7.1E+04      32 1.0E+00    37 T  T
      30   1    8348  1.1481989731E+02 2.7E+03      31 1.0E+00    37 T  T
      31   1    8342  1.1411222133E+02 3.7E+05      39 1.0E+00    43 T  T
      32   1    8329  1.1361181103E+02 3.1E+02      42 1.0E+00    43 T  T
      33   1    8314  1.1321658856E+02 4.2E+03      42 1.0E+00    49 T  T
      34   1    8305  1.1278108633E+02 7.1E+02      44 1.0E+00    49 T  T
      35   1    8293  1.1242481249E+02 3.0E+02      46 1.0E+00    49 T  T
      36   1    8279  1.1194859335E+02 1.8E+02      40 1.0E+00    49 T  T
      37   1    8266  1.1157977955E+02 2.3E+03      42 1.0E+00    49 T  T
 
    Iter Phase   Ninf   Infeasibility   RGmax      NSB   Step  InItr MX OK
      38   1    8255  1.1097662745E+02 8.0E+02      43 1.0E+00    49 T  T
      39   1    8255  1.1059485480E+02 2.1E+03      40 6.1E-01    49 F  F
      40   1    8250  1.1046248103E+02 2.2E+03      22 1.0E+00    25 T  T
      41   1    8248  1.1020633419E+02 1.6E+02      25 1.0E+00    29 T  T
      42   1    8244  1.1005169713E+02 3.1E+02      25 1.0E+00    29 T  T
      43   1    8241  1.0995210022E+02 9.4E+02      26 1.0E+00    29 T  T
      44   1    8232  1.0981627541E+02 2.2E+02      27 1.0E+00    31 T  T
      45   1    8214  1.0939044229E+02 7.9E+02      84 1.0E+00    42 T  T
      46   1    8206  1.0886212524E+02 1.4E+03      35 1.0E+00    42 T  T
      47   1    8202  1.0832949771E+02 4.2E+02      35 1.0E+00    42 T  T
 
    Iter Phase   Ninf   Infeasibility   RGmax      NSB   Step  InItr MX OK
      48   1    8196  1.0754015540E+02 1.7E+03      39 1.0E+00    46 T  T
      49   1    8169  1.0698127608E+02 2.8E+02      59 1.0E+00    46 T  T
      50   1    8159  1.0645743818E+02 4.2E+02      42 1.0E+00    46 T  T
      51   1    8153  1.0608778203E+02 3.2E+02      37 1.0E+00    46 T  T
      52   1    8146  1.0564146458E+02 7.6E+02      35 1.0E+00    46 T  T
      53   1    8132  1.0510553428E+02 5.1E+02      43 1.0E+00    46 T  T
      54   1    8122  1.0449513285E+02 3.1E+02      36 1.0E+00    46 T  T
      55   1    8109  1.0401600985E+02 2.8E+02      36 1.0E+00    46 T  T
      56   1    8102  1.0321079528E+02 3.8E+03      40 1.0E+00    46 T  T
      57   1    8091  1.0220018339E+02 6.9E+02      59 1.0E+00    46 T  T
 
    Iter Phase   Ninf   Infeasibility   RGmax      NSB   Step  InItr MX OK
      58   1    8084  1.0146455045E+02 5.2E+02      41 1.0E+00    46 T  T
      59   1    8072  1.0083882427E+02 6.0E+03      43 1.0E+00    46 T  T
      60   1    8062  1.0022209564E+02 6.2E+02      42 1.0E+00    46 T  T
      61   1    8047  9.9552533182E+01 3.5E+02      52 1.0E+00    46 T  T
      62   1    8017  9.8874282670E+01 1.8E+02      70 1.0E+00    46 T  T
      63   1    7998  9.7994523600E+01 4.8E+03      72 1.0E+00    48 T  T
      64   1    7976  9.7066093776E+01 3.9E+02      47 1.0E+00    48 T  T
      65   1    7947  9.6188773016E+01 6.4E+03      60 1.0E+00    48 T  T
      66   1    7923  9.5606485450E+01 8.1E+02      43 1.0E+00    48 T  T
      67   1    7895  9.4720565327E+01 5.7E+04      43 1.0E+00    48 T  T
 
    Iter Phase   Ninf   Infeasibility   RGmax      NSB   Step  InItr MX OK
      68   1    7865  9.2831738943E+01 2.0E+03      65 1.0E+00    48 T  T
      69   1    7838  9.1659874533E+01 9.3E+02      69 1.0E+00    48 T  T
      70   1    7808  9.1162209576E+01 8.4E+02      48 1.0E+00    48 T  T
      71   1    7807  9.0852586377E+01 2.4E+03      45 9.0E-01    48 T  T
      72   1    7772  9.0351993457E+01 1.6E+02      52 1.0E+00    45 T  T
      73   1    7741  8.9996369292E+01 4.1E+02      44 1.0E+00    45 T  T
      74   1    7694  8.9473776918E+01 5.1E+02      55 1.0E+00    56 T  T
      75   1    7661  8.8522987095E+01 1.9E+03      51 1.0E+00    56 T  T
      76   1    7632  8.7256223577E+01 5.9E+03     123 1.0E+00    56 T  T
      77   1    7631  8.6411836430E+01 4.7E+02      78 1.0E+00    56 T  T
 
    Iter Phase   Ninf   Infeasibility   RGmax      NSB   Step  InItr MX OK
      78   1    7582  8.5953070264E+01 1.4E+03      92 1.0E+00    55 T  T
      79   1    7549  8.5126935154E+01 7.8E+03      66 1.0E+00    55 T  T
      80   1    7506  8.4021026950E+01 5.6E+02      67 1.0E+00    55 T  T
      81   1    7436  8.2890621750E+01 7.2E+03      98 1.0E+00    55 T  T
      82   1    7401  8.2016816390E+01 6.3E+03      44 1.0E+00    55 T  T
      83   1    7355  8.1761369298E+01 4.0E+02      76 1.0E+00    55 T  T
      84   1    7354  8.1426674884E+01 4.0E+05      68 9.3E-01    55 T  T
      85   1    7310  8.1121809683E+01 9.2E+02      73 1.0E+00    53 T  T
      86   1    7271  8.0864819670E+01 1.7E+03      43 1.0E+00    53 T  T
      87   1    7220  7.9595652888E+01 2.9E+07      83 1.0E+00    53 T  T
 
    Iter Phase   Ninf   Infeasibility   RGmax      NSB   Step  InItr MX OK
      88   1    7180  7.8787327317E+01 8.8E+03      72 1.0E+00    53 T  T
      89   1    7133  7.8308165819E+01 2.7E+03      56 1.0E+00    71 T  T
      90   1    7133  7.8116692159E+01 1.7E+07      91 5.8E-01    71 F  T
      91   1    7093  7.7966802841E+01 4.7E+06      46 1.0E+00    53 T  T
      92   1    7034  7.7273935849E+01 2.9E+03      96 1.0E+00    80 T  T
      93   1    6949  7.6099796201E+01 4.6E+02     139 1.0E+00    80 T  T
      94   1    6948  7.5256665718E+01 2.8E+02     149 9.9E-01    80 T  T
      95   1    6867  7.4229244888E+01 1.2E+03     184 1.0E+00    79 T  T
      96   1    6803  7.3410028245E+01 3.5E+03     122 1.0E+00    79 T  T
      97   1    6742  7.2353151982E+01 4.0E+03     134 1.0E+00    79 T  T
 
    Iter Phase   Ninf   Infeasibility   RGmax      NSB   Step  InItr MX OK
      98   1    6687  7.1552750385E+01 3.4E+03     107 1.0E+00    79 T  T
      99   1    6615  7.0746856999E+01 4.5E+02     123 1.0E+00    79 T  T
     100   1    6525  6.9872300759E+01 2.2E+03     144 1.0E+00    79 T  T
     101   1    6469  6.9031289881E+01 1.4E+03     123 1.0E+00    79 T  T
     102   1    6412  6.7452271543E+01 9.6E+03      78 1.0E+00    79 T  T
     103   1    6411  6.6289406634E+01 1.2E+03     127 7.7E-01    79 T  T
     104   1    6410  6.6239668740E+01 7.4E+06     130 5.0E-02    69 T  T
     105   1    6380  6.6155098557E+01 1.9E+03      32 1.0E+00    34 T  T
     106   1    6350  6.6066660472E+01 2.4E+04      45 1.0E+00    45 T  T
     107   1    6320  6.5827114964E+01 1.1E+03      39 1.0E+00    45 T  T
 
    Iter Phase   Ninf   Infeasibility   RGmax      NSB   Step  InItr MX OK
     108   1    6294  6.5703708348E+01 2.0E+03      35 1.0E+00    45 T  T
     109   1    6208  6.5377565811E+01 2.2E+02     158 1.0E+00    78 T  T
     110   1    6207  6.3899451208E+01 3.1E+03     225 9.5E-01   151 T  T
     111   1    6034  6.2206552632E+01 1.7E+03     300 1.0E+00   146 T  T
     112   1    6034  5.7203113768E+01 1.3E+04     216 9.5E-01   146 F  F
     113   1    5973  5.7100202836E+01 1.6E+04      85 1.0E+00    73 T  T
     114   1    5869  5.6095038024E+01 2.6E+05     176 1.0E+00   146 T  T
     115   1    5765  5.5557046611E+01 1.4E+03     189 1.0E+00   146 T  T
     116   1    5764  5.5141630828E+01 1.5E+03     170 7.7E-01   146 T  T
     117   1    5652  5.4313156304E+01 5.7E+02     186 1.0E+00   128 T  T
 
    Iter Phase   Ninf   Infeasibility   RGmax      NSB   Step  InItr MX OK
     118   1    5545  5.3207079441E+01 4.0E+04     197 1.0E+00   127 T  T
     119   1    5545  5.2336478983E+01 2.1E+06     202 5.3E-01   127 F  F
     120   1    5453  5.1311604318E+01 4.3E+03     128 1.0E+00    72 T  T
     121   1    5452  5.0981373650E+01 3.8E+05     125 3.6E-01    72 T  T
     122   1    5411  5.0808260201E+01 4.9E+03      42 1.0E+00    43 T  T
     123   1    5411  5.0616685999E+01 2.2E+03      34 8.4E-01    43 T  T
     124   1    5377  5.0409262246E+01 1.2E+03      48 1.0E+00    39 T  T
     125   1    5337  5.0110168539E+01 7.9E+02      65 1.0E+00    40 T  T
     126   1    5239  4.9519240846E+01 3.7E+02     149 1.0E+00    60 T  T
     127   1    5239  4.9097422012E+01 8.8E+04     125 6.9E-01    88 F  F
 
    Iter Phase   Ninf   Infeasibility   RGmax      NSB   Step  InItr MX OK
     128   1    5199  4.9052461468E+01 3.9E+03      41 1.0E+00    44 T  T
     129   1    5126  4.8842174576E+01 4.5E+02     126 1.0E+00    88 T  T
     130   1    5046  4.8058883101E+01 1.1E+03     125 1.0E+00    88 T  T
     131   1    4959  4.6685637055E+01 1.4E+03     123 1.0E+00    88 T  T
     132   1    4899  4.5980524686E+01 2.5E+06      94 1.0E+00    88 T  T
     133   1    4739  4.5113164377E+01 4.9E+03     231 1.0E+00    88 T  T
     134   1    4737  4.3609667414E+01 5.9E+01     282 9.9E-01    88 T  T
     135   1    4381  4.2920610851E+01 6.2E+04     433 1.0E+00    87 T  T
     136   1    4173  4.2312536628E+01 5.6E+07     244 1.0E+00    87 T  T
     137   1    4171  3.8983702816E+01 1.7E+02     993 1.0E+00    87 T  T
 
    Iter Phase   Ninf   Infeasibility   RGmax      NSB   Step  InItr MX OK
     138   1    4167  3.8519893028E+01 1.0E+02    1191 5.9E-01    86 F  F
     139   1    4119  3.8519888572E+01 1.3E+04      45 1.0E+00    43 T  T
     140   1    4021  3.8519884384E+01 2.6E+03      98 1.0E+00    86 T  T
     141   1    3845  3.8519727892E+01 1.9E+04     176 1.0E+00   172 T  T
     142   1    3526  3.8501835419E+01 1.1E+05     322 1.0E+00   344 T  T
     143   1    3525  3.7937702260E+01 1.7E+07     640 5.4E-01   688 F  F
     144   1    3201  3.7799218425E+01 5.6E+05     330 1.0E+00   344 T  T
     145   1    3198  3.6402706906E+01 3.6E+05     747 5.6E-01   688 T  T
     146   1    2034  3.1724278937E+01 2.0E+03    1281 1.0E+00   514 T  T
     147   1    2033  2.9249956241E+01 6.6E+03     295 9.3E-01   514 T  T
 
    Iter Phase   Ninf   Infeasibility   RGmax      NSB   Step  InItr MX OK
     148   1    2032  2.9219658494E+01 2.4E+03     360 2.1E-02   495 T  T
     149   1    2031  2.9019700387E+01 4.5E+04     155 7.6E-01   247 T  T
     150   1    1927  2.8679375562E+01 7.7E+06     160 1.0E+00   215 T  T
     151   1    1927  2.7638356735E+01 6.2E+07     223 8.8E-01   215 F  F
     152   1    1836  2.7620434762E+01 1.1E+04      91 1.0E+00   107 T  T
     153   1    1755  2.7116609487E+01 6.7E+05      89 1.0E+00   214 T  T
     154   1    1698  2.6694849377E+01 7.1E+02      59 1.0E+00   214 T  T
     155   1    1620  2.5787352112E+01 3.5E+05     106 1.0E+00   214 T  T
     156   1    1620  2.5150739122E+01 5.6E+03      82 7.1E-01   214 F  F
     157   1    1567  2.4852617346E+01 2.4E+03      56 1.0E+00   107 T  T
   Elapsed time       31.0 seconds.
 
    Iter Phase   Ninf   Infeasibility   RGmax      NSB   Step  InItr MX OK
     158   1    1567  2.4398135450E+01 2.5E+03      61 7.7E-01   107 F  F
     159   1    1538  2.4293843072E+01 1.3E+03      33 1.0E+00    53 T  T
     160   1    1508  2.4095206840E+01 3.2E+05      37 1.0E+00    53 T  T
     161   1    1488  2.3917158286E+01 5.7E+06      26 1.0E+00    64 T  T
     162   1    1452  2.3579359402E+01 9.5E+02      56 1.0E+00    64 T  T
     163   1    1451  2.3285974800E+01 3.6E+02      33 9.8E-01    64 T  T
     164   1    1409  2.2868918008E+01 2.8E+05      55 1.0E+00    63 T  T
     165   1    1385  2.2535754838E+01 1.1E+03      28 1.0E+00    63 T  T
     166   1    1385  2.2063468264E+01 1.2E+07      36 5.6E-01    63 F  F
     167   1    1363  2.1684894861E+01 1.9E+01      31 1.0E+00    31 T  T
 
    Iter Phase   Ninf   Infeasibility   RGmax      NSB   Step  InItr MX OK
     168   1    1348  2.1398301509E+01 1.9E+01      22 1.0E+00    31 T  T
     169   1    1333  2.1106697057E+01 2.6E+01      25 1.0E+00    32 T  T
     170   1    1313  2.0876220328E+01 4.9E+02      24 1.0E+00    34 T  T
     171   1    1295  2.0708784662E+01 4.9E+02      22 1.0E+00    44 T  T
     172   1    1276  2.0373516977E+01 4.9E+02      24 1.0E+00    44 T  T
     173   1    1248  1.9950669905E+01 1.2E+02      33 1.0E+00    45 T  T
     174   1    1230  1.9662858640E+01 3.1E+04      25 1.0E+00    45 T  T
     175   1    1216  1.9321723033E+01 4.8E+02      24 1.0E+00    45 T  T
     176   1    1204  1.9163874109E+01 1.2E+02      21 1.0E+00    45 T  T
     177   1    1203  1.9009776848E+01 5.1E+05      19 9.1E-01    45 T  T
 
    Iter Phase   Ninf   Infeasibility   RGmax      NSB   Step  InItr MX OK
     178   1    1202  1.8534336515E+01 1.3E+03      43 9.7E-01    42 T  T
     179   1    1172  1.8320900373E+01 5.1E+03      55 1.0E+00    41 T  T
     180   1    1148  1.7892489400E+01 2.0E+05      43 1.0E+00    41 T  T
     181   1    1113  1.7309776913E+01 1.7E+06      53 1.0E+00    58 T  T
     182   1    1112  1.6654643522E+01 1.3E+04      36 1.0E+00    58 T  T
     183   1    1057  1.6316084387E+01 3.3E+01      74 1.0E+00    57 T  T
     184   1    1034  1.5598578000E+01 2.3E+02      33 1.0E+00    57 T  T
     185   1    1008  1.5304816931E+01 1.9E+04      30 1.0E+00    57 T  T
     186   1     977  1.4883340828E+01 2.1E+02      33 1.0E+00    57 T  T
     187   1     952  1.4282469486E+01 8.6E+01      35 1.0E+00    57 T  T
 
    Iter Phase   Ninf   Infeasibility   RGmax      NSB   Step  InItr MX OK
     188   1     951  1.4081007388E+01 1.9E+03      29 6.8E-01    57 T  T
     189   1     921  1.3768086322E+01 2.5E+06      41 1.0E+00    46 T  T
     190   1     906  1.3177258535E+01 6.5E+01      29 1.0E+00    46 T  T
     191   1     905  1.2836142791E+01 9.2E+01      32 9.9E-01    46 T  T
     192   1     869  1.2480139433E+01 1.3E+03      57 1.0E+00    45 T  T
     193   1     868  1.2128376029E+01 2.6E+06     818 9.4E-01    45 T  T
     194   1     835  1.1519748458E+01 6.3E+00     820 1.0E+00    43 T  T
     195   1     808  1.0885558976E+01 1.2E+03     792 1.0E+00    43 T  T
     196   1     783  1.0554712814E+01 4.0E+04     769 1.0E+00    43 T  T
     197   1     766  1.0188889835E+01 2.3E+03     746 1.0E+00    43 T  T
 
    Iter Phase   Ninf   Infeasibility   RGmax      NSB   Step  InItr MX OK
     198   1     739  9.5469282069E+00 1.1E+02     729 1.0E+00    43 T  T
     199   1     707  9.2116619491E+00 5.5E+01     701 1.0E+00    43 T  T
     200   1     678  8.9390424129E+00 3.6E+01     669 1.0E+00    43 T  T
     201   1     655  8.8038699431E+00 6.7E+02     639 1.0E+00    43 T  T
     202   1     615  8.4194755868E+00 8.7E+01     620 1.0E+00    43 T  T
     203   1     614  8.1118889808E+00 3.7E+00     584 9.5E-01    43 T  T
     204   1     578  7.8911341965E+00 3.9E+01     586 1.0E+00    41 T  T
     205   1     562  7.6075063838E+00 7.8E+01     551 1.0E+00    41 T  T
     206   1     561  7.3697194975E+00 5.3E+01     538 8.7E-01    41 T  T
     207   1     531  7.3103408878E+00 1.4E+01     538 1.0E+00    38 T  T
 
    Iter Phase   Ninf   Infeasibility   RGmax      NSB   Step  InItr MX OK
     208   1     509  7.0251748390E+00 5.9E+00     512 1.0E+00    38 T  T
     209   1     492  6.7527045517E+00 1.0E+03     490 1.0E+00    38 T  T
     210   1     470  6.4717601205E+00 6.0E+00     474 1.0E+00    38 T  T
     211   1     447  6.2028673339E+00 4.1E+02     451 1.0E+00    38 T  T
     212   1     446  5.8247271811E+00 3.3E+00     431 9.9E-01    38 T  T
     213   1     417  5.7328642711E+00 2.1E+02     433 1.0E+00    37 T  T
     214   1     402  5.6122518158E+00 7.8E+01     404 1.0E+00    37 T  T
     215   1     401  5.3902492259E+00 9.1E+03     388 9.9E-01    37 T  T
     216   1     373  5.0706441339E+00 4.7E+02     388 1.0E+00    36 T  T
     217   1     355  4.9502706630E+00 4.3E+02     362 1.0E+00    36 T  T
 
    Iter Phase   Ninf   Infeasibility   RGmax      NSB   Step  InItr MX OK
     218   1     354  4.6278905973E+00 2.4E+00     345 9.9E-01    38 T  T
     219   1     324  4.5880033025E+00 5.4E+02     344 1.0E+00    37 T  T
     220   1     307  4.4047313163E+00 6.7E+00     314 1.0E+00    37 T  T
     221   1     287  4.2083540337E+00 1.3E+01     300 1.0E+00    37 T  T
     222   1     262  3.7450426813E+00 2.9E+01     280 1.0E+00    37 T  T
     223   1     239  3.4347432461E+00 1.2E+01     256 1.0E+00    37 T  T
     224   1     229  3.2565821585E+00 3.3E+05     234 1.0E+00    37 T  T
     225   1     229  3.0355463851E+00 3.3E+06     224 9.5E-01    37 F  F
     226   1     216  2.9799709370E+00 2.8E+05     224 1.0E+00    25 T  T
     227   1     206  2.7696092265E+00 1.3E+02     211 1.0E+00    47 T  T
 
    Iter Phase   Ninf   Infeasibility   RGmax      NSB   Step  InItr MX OK
     228   1     206  2.5313806861E+00 1.0E+07     201 9.8E-01    47 T  T
     229   1     206  2.4289200188E+00 8.7E+03     200 9.2E-01    46 F  F
     230   1     188  2.4204278793E+00 1.5E+01     200 1.0E+00    25 T  T
     231   1     164  2.1856491240E+00 1.4E+01     184 1.0E+00    43 T  T
     232   1     145  1.8176092958E+00 1.2E+01     157 1.0E+00    43 T  T
     233   1     123  1.4878681064E+00 8.0E+01     137 1.0E+00    35 T  T
     234   1     123  1.2578205189E+00 8.8E+01     117 9.1E-01    41 F  F
     235   1     103  1.2376093672E+00 7.9E+02     117 1.0E+00    25 T  T
     236   1      84  1.0656163397E+00 3.2E+01      96 1.0E+00    30 T  T
     237   1      84  9.4639786979E-01 4.0E+01      78 8.9E-01    17 F  F
 
    Iter Phase   Ninf   Infeasibility   RGmax      NSB   Step  InItr MX OK
     238   1      77  9.1255080590E-01 1.2E+00      78 1.0E+00    10 T  T
     239   1      71  8.8134378026E-01 3.1E+00      71 1.0E+00    14 T  T
     240   1      70  8.4046569201E-01 7.8E+00      65 1.0E+00    18 T  T
     241   1      65  8.0362727646E-01 1.5E+01      64 1.0E+00    22 T  T
     242   1      63  7.6296363732E-01 2.7E-01      59 1.0E+00     2 T  T
     243   1      60  7.1134527709E-01 1.3E-01      58 1.0E+00     5 T  T
     244   1      57  6.4821336234E-01 1.2E+00      55 1.0E+00     4 T  T
     245   1      48  5.8860134531E-01 2.0E+00      51 1.0E+00    12 T  T
     246   1      40  5.3682023225E-01 1.1E+01      43 1.0E+00    33 T  T
     247   1      32  4.5148269736E-01 3.0E+00      35 1.0E+00    15 T  T
 
    Iter Phase   Ninf   Infeasibility   RGmax      NSB   Step  InItr MX OK
     248   1      23  3.9361285618E-01 3.3E+00      28 1.0E+00    13 T  T
     249   1      18  3.5029987305E-01 1.4E+02      19 1.0E+00    17 T  T
     250   1      17  3.1457258830E-01 1.6E+00      13 1.0E+00     2 T  T
     251   1      14  2.8552104490E-01 1.7E+00      13 1.0E+00     5 T  T
     252   1      11  2.5977759005E-01 1.3E+00      10 1.0E+00     6 T  T
     253   1       9  2.4409923437E-01 2.1E+00       7 1.0E+00     5 T  T
     254   1       8  2.2951787370E-01 1.2E+00       6 1.0E+00     5 T  T
     255   1       6  2.1277694500E-01 1.1E+00       5 1.0E+00     4 T  T
     256   1       5  1.9626446475E-01 5.5E-01       4 1.0E+00     2 T  T
     257   1       5  1.3307802423E-01 4.6E-01       4 3.2E+00     2 T  F
 
    Iter Phase   Ninf   Infeasibility   RGmax      NSB   Step  InItr MX OK
     258   1       5  1.2540982164E-01 1.0E+00       6 2.4E-01     5 F  F
     259   1       3  1.1388554360E-01 1.0E+00       6 1.0E+00     6 T  T
     260   1       2  1.0779199088E-01 1.1E+00       5 1.0E+00     7 T  T
     261   1       2  1.0489968808E-01 1.7E-01       4 4.1E-01     3 T  T
     262   1       2  1.0227033951E-01 2.6E-01       4 1.0E+00     3 T  T
     263   1       1  8.6645630447E-02 2.6E-01       2 6.7E+00     1 T  T
     264   1       1  5.2115698055E-02 2.5E-01       3 5.5E+01     4 T  F
     265   2       1  1.9173652221E-02 2.0E+01       4 8.0E-01     2 F  F
     266   2       1  1.0927837623E-02 2.2E+00       6 6.5E-01     4 T  T
     267   2       1  2.5000799884E-03 2.5E+00       5 1.3E+00     3 F  F
 
    Iter Phase   Ninf   Infeasibility   RGmax      NSB   Step  InItr MX OK
     268   2       1  4.9966556858E-04 1.0E+00       5 8.0E-01     3 F  F
 
 ** Feasible solution. Value of objective =   6.625960654567E-02
 
    Iter Phase   Ninf     Objective     RGmax      NSB   Step  InItr MX OK
     269   3          5.6220622595E-02 3.8E+00       4 1.0E-01     5 F  T
     270   3          5.3393958734E-02 1.6E+01       4 2.9E-01    10 F  F
     271   3          5.2635579486E-02 6.0E-03       4 1.7E-01    12 F  F
     272   3          5.2458578934E-02 2.9E-03       4 2.2E-01     4 F  T
     273   3          5.2431859000E-02 2.8E-03       4 1.7E-01     2 F  T
     274   3          5.2399270157E-02 2.5E-03       4 4.8E-01     1 F  T
     275   3          5.2388977179E-02 2.5E-03       4 1.0E+00     1 F  T
     276   4          5.1828377245E-02 2.3E-03       4 1.1E+00     4 F  F
     277   4          5.1486205420E-02 4.0E-01       4 3.6E-01     2 F  F
     278   4          5.0988438369E-02 1.6E+00       4 4.9E-01     2 F  F
   Elapsed time       63.6 seconds.
 
    Iter Phase   Ninf     Objective     RGmax      NSB   Step  InItr MX OK
     279   4          5.0983528414E-02 6.7E-04       4 1.0E+00     2 F  T
     280   4          4.6266378080E-02 7.6E-04       4 2.9E-01     1 F  F
     281   3          4.6211585607E-02 1.7E-03       4 1.5E+01       T  T
     282   3          4.6046553974E-02 1.1E-03       3 1.8E+02       F  T
     283   3          4.6044035322E-02 2.3E-04       3 5.8E+01       F  T
     284   4          4.6043994848E-02 1.7E-05       3 3.6E+00       F  T
     285   3          4.6043991878E-02 5.6E-06       3 9.2E+01       F  T
     286   3          4.6043989313E-02 4.4E-06       3 1.2E+02       F  T
     287   3          4.6043986828E-02 5.3E-06       3 1.3E+02       F  T
     288   3          4.6043984175E-02 5.7E-06       3 9.1E+01       F  T
 
    Iter Phase   Ninf     Objective     RGmax      NSB   Step  InItr MX OK
     289   4          4.6043588025E-02 5.1E-06       3 1.9E+02       F  T
     290   3          4.6043465229E-02 5.8E-05       3 6.0E+01       F  T
     291   3          4.6043463709E-02 4.9E-06       3 1.2E+02       F  T
     292   3          4.6043462261E-02 4.9E-06       3 7.3E+01       F  T
     293   4          4.6043453288E-02 2.7E-06       3 1.6E+01       F  T
     294   3          4.6043448165E-02 4.8E-06       3 2.5E+02       F  T
     295   3          4.6043445037E-02 2.9E-06       3 6.6E+02       F  T
     296   3          4.6043442827E-02 7.7E-06       3 6.8E+01       F  T
     297   4          4.6043439494E-02 2.8E-06       3 7.2E+00       F  T
     298   3          4.6043436502E-02 3.1E-06       3 2.6E+02       F  T
 
    Iter Phase   Ninf     Objective     RGmax      NSB   Step  InItr MX OK
     299   3          4.6043435528E-02 4.1E-06       3 8.8E+01       F  T
     300   4          4.6043425126E-02 2.9E-06       3 1.6E+01       F  T
     301   3          4.6043418789E-02 6.3E-06       3 2.5E+02       F  T
     302   3          4.6043417763E-02 2.7E-06       3 1.8E+02       F  T
     303   3          4.6043416921E-02 3.8E-06       3 9.6E+01       F  T
     304   4          4.6043409518E-02 2.9E-06       3 1.5E+01       F  T
     305   3          4.6043404287E-02 1.1E-05       3 5.8E+01       F  T
     306   3          4.6043400703E-02 2.6E-06       3 1.0E+03       F  T
     307   3          4.6043398037E-02 8.8E-06       3 6.5E+01       F  T
     308   4          4.6043395896E-02 2.5E-06       3 4.0E+00       F  T
 
    Iter Phase   Ninf     Objective     RGmax      NSB   Step  InItr MX OK
     309   3          4.6043394511E-02 2.6E-06       3 3.3E+02       F  T
     310   3          4.6043393447E-02 4.9E-06       3 7.1E+01       F  T
     311   4          4.6043382170E-02 2.5E-06       3 4.2E+01       F  T
     312   3          4.6043374243E-02 1.0E-05       3 1.8E+02       F  T
     313   3          4.6043371841E-02 7.7E-06       3 6.8E+01       F  T
     314   4          4.6043370646E-02 2.0E-06       3 4.0E+00       F  T
     315   3          4.6043370039E-02 2.6E-06       3 8.5E+01       F  T
     316   3          4.6043369531E-02 2.0E-06       3 2.2E+02       F  T
     317   3          4.6043368588E-02 3.8E-06       3 6.7E+01       F  T
     318   4          4.6043259267E-02 2.1E-06       3 4.2E+02       F  T
 
    Iter Phase   Ninf     Objective     RGmax      NSB   Step  InItr MX OK
     319   3          4.6043259090E-02 1.8E-06       3 7.0E+01       F  T
     320   3          4.6043259008E-02 8.6E-07       3 1.2E+02       F  T
     321   3          4.6043258954E-02 7.2E-07       3 1.2E+02       F  T
     322   3          4.6043258905E-02 7.7E-07       3 1.0E+02       F  T
     323   3          4.6043258857E-02 7.2E-07       3 1.2E+02       F  T
     324   3          4.6043258809E-02 7.2E-07       3 1.0E+02       F  T
     325   3          4.6043258761E-02 7.2E-07       3 1.2E+02       F  T
     326   3          4.6043258714E-02 7.0E-07       3 1.0E+02       F  T
     327   3          4.6043258667E-02 7.2E-07       3 1.2E+02       F  T
     328   3          4.6043258620E-02 7.0E-07       3 1.0E+02       F  T
 
    Iter Phase   Ninf     Objective     RGmax      NSB   Step  InItr MX OK
     329   3          4.6043258574E-02 7.2E-07       3 1.2E+02       F  T
     330   3          4.6043258527E-02 6.9E-07       3 1.0E+02       F  T
     331   3          4.6043258481E-02 7.1E-07       3 1.2E+02       F  T
     332   3          4.6043258435E-02 6.9E-07       3 1.0E+02       F  T
     333   3          4.6043258390E-02 7.1E-07       3 1.2E+02       F  T
     334   3          4.6043258344E-02 6.9E-07       3 1.0E+02       F  T
     335   3          4.6043258299E-02 7.1E-07       3 1.2E+02       F  T
     336   3          4.6043258254E-02 6.8E-07       3 1.0E+02       F  T
     337   3          4.6043258209E-02 7.0E-07       3 1.2E+02       F  T
     338   3          4.6043258165E-02 6.8E-07       3 1.0E+02       F  T
 
    Iter Phase   Ninf     Objective     RGmax      NSB   Step  InItr MX OK
     339   3          4.6043258120E-02 7.0E-07       3 1.2E+02       F  T
     340   3          4.6043258076E-02 6.8E-07       3 1.0E+02       F  T
     341   3          4.6043258032E-02 7.0E-07       3 1.2E+02       F  T
     342   3          4.6043257988E-02 6.7E-07       3 1.0E+02       F  T
     343   3          4.6043257945E-02 6.9E-07       3 1.2E+02       F  T
     344   3          4.6043257902E-02 6.7E-07       3 1.0E+02       F  T
     345   3          4.6043257859E-02 6.9E-07       3 1.2E+02       F  T
     346   3          4.6043257816E-02 6.7E-07       3 1.0E+02       F  T
     347   3          4.6043257773E-02 6.9E-07       3 1.2E+02       F  T
     348   3          4.6043257731E-02 6.6E-07       3 1.0E+02       F  T
 
    Iter Phase   Ninf     Objective     RGmax      NSB   Step  InItr MX OK
     349   3          4.6043257688E-02 6.8E-07       3 1.2E+02       F  T
     350   3          4.6043257646E-02 6.6E-07       3 1.0E+02       F  T
     351   3          4.6043257605E-02 6.8E-07       3 1.2E+02       F  T
     352   3          4.6043257563E-02 6.6E-07       3 1.0E+02       F  T
     353   3          4.6043257522E-02 6.8E-07       3 1.2E+02       F  T
     354   3          4.6043257480E-02 6.5E-07       3 1.0E+02       F  T
     355   3          4.6043257439E-02 6.7E-07       3 1.2E+02       F  T
     356   3          4.6043257399E-02 6.5E-07       3 1.0E+02       F  T
     357   3          4.6043257358E-02 6.7E-07       3 1.2E+02       F  T
     358   3          4.6043257318E-02 6.5E-07       3 1.0E+02       F  T
   Elapsed time       94.6 seconds.
 
    Iter Phase   Ninf     Objective     RGmax      NSB   Step  InItr MX OK
     359   3          4.6043257277E-02 6.7E-07       3 1.2E+02       F  T
     360   3          4.6043257237E-02 6.4E-07       3 1.0E+02       F  T
     361   3          4.6043257198E-02 6.6E-07       3 1.2E+02       F  T
     362   3          4.6043257158E-02 6.4E-07       3 1.0E+02       F  T
     363   3          4.6043257118E-02 6.6E-07       3 1.2E+02       F  T
     364   3          4.6043257079E-02 6.4E-07       3 1.0E+02       F  T
     365   3          4.6043257040E-02 6.6E-07       3 1.2E+02       F  T
     366   3          4.6043257001E-02 6.3E-07       3 1.0E+02       F  T
     367   3          4.6043256963E-02 6.5E-07       3 1.2E+02       F  T
     368   3          4.6043256924E-02 6.3E-07       3 1.0E+02       F  T
 
    Iter Phase   Ninf     Objective     RGmax      NSB   Step  InItr MX OK
     369   3          4.6043256886E-02 6.5E-07       3 1.2E+02       F  T
     370   3          4.6043256848E-02 6.3E-07       3 1.0E+02       F  T
     371   3          4.6043256810E-02 6.5E-07       3 1.2E+02       F  T
     372   3          4.6043256772E-02 6.2E-07       3 1.0E+02       F  T
     373   3          4.6043256735E-02 6.4E-07       3 1.2E+02       F  T
     374   3          4.6043256697E-02 6.2E-07       3 1.0E+02       F  T
     375   3          4.6043256660E-02 6.4E-07       3 1.2E+02       F  T
     376   3          4.6043256623E-02 6.2E-07       3 1.0E+02       F  T
     377   3          4.6043256587E-02 6.4E-07       3 1.2E+02       F  T
     378   3          4.6043256550E-02 6.1E-07       3 1.0E+02       F  T
 
    Iter Phase   Ninf     Objective     RGmax      NSB   Step  InItr MX OK
     379   3          4.6043256514E-02 6.3E-07       3 1.2E+02       F  T
     380   3          4.6043256477E-02 6.1E-07       3 1.0E+02       F  T
     381   3          4.6043256441E-02 6.3E-07       3 1.2E+02       F  T
     382   3          4.6043256405E-02 6.1E-07       3 1.0E+02       F  T
     383   3          4.6043256370E-02 6.3E-07       3 1.2E+02       F  T
     384   3          4.6043256334E-02 6.1E-07       3 1.0E+02       F  T
     385   3          4.6043256299E-02 6.3E-07       3 1.2E+02       F  T
     386   3          4.6043256263E-02 6.0E-07       3 1.0E+02       F  T
     387   3          4.6043256228E-02 6.2E-07       3 1.2E+02       F  T
     388   3          4.6043256194E-02 6.0E-07       3 1.0E+02       F  T
 
    Iter Phase   Ninf     Objective     RGmax      NSB   Step  InItr MX OK
     389   3          4.6043256159E-02 6.2E-07       3 1.2E+02       F  T
     390   3          4.6043256124E-02 6.0E-07       3 1.0E+02       F  T
     391   3          4.6043256090E-02 6.2E-07       3 1.2E+02       F  T
     392   3          4.6043256056E-02 5.9E-07       3 1.0E+02       F  T
     393   3          4.6043256022E-02 6.1E-07       3 1.2E+02       F  T
     394   3          4.6043255988E-02 5.9E-07       3 1.0E+02       F  T
     395   3          4.6043255954E-02 6.1E-07       3 1.2E+02       F  T
     396   3          4.6043255921E-02 5.9E-07       3 1.0E+02       F  T
     397   3          4.6043255888E-02 6.1E-07       3 1.2E+02       F  T
     398   3          4.6043255854E-02 5.8E-07       3 1.0E+02       F  T
 
    Iter Phase   Ninf     Objective     RGmax      NSB   Step  InItr MX OK
     399   3          4.6043255821E-02 6.0E-07       3 1.2E+02       F  T
     400   3          4.6043255789E-02 5.8E-07       3 1.0E+02       F  T
     401   3          4.6043255756E-02 6.0E-07       3 1.2E+02       F  T
     402   3          4.6043255723E-02 5.8E-07       3 1.0E+02       F  T
     403   3          4.6043255691E-02 6.0E-07       3 1.2E+02       F  T
     404   3          4.6043255659E-02 5.8E-07       3 1.0E+02       F  T
     405   3          4.6043255627E-02 6.0E-07       3 1.2E+02       F  T
     406   3          4.6043255595E-02 5.7E-07       3 1.0E+02       F  T
     407   3          4.6043255563E-02 5.9E-07       3 1.2E+02       F  T
     408   3          4.6043255532E-02 5.7E-07       3 1.0E+02       F  T
 
    Iter Phase   Ninf     Objective     RGmax      NSB   Step  InItr MX OK
     409   3          4.6043255500E-02 5.9E-07       3 1.2E+02       F  T
     410   3          4.6043255469E-02 5.7E-07       3 1.0E+02       F  T
     411   3          4.6043255438E-02 5.9E-07       3 1.2E+02       F  T
     412   3          4.6043255407E-02 5.6E-07       3 1.0E+02       F  T
     413   3          4.6043255376E-02 5.8E-07       3 1.2E+02       F  T
     414   3          4.6043255346E-02 5.6E-07       3 1.0E+02       F  T
     415   3          4.6043255315E-02 5.8E-07       3 1.2E+02       F  T
     416   3          4.6043255285E-02 5.6E-07       3 1.0E+02       F  T
     417   3          4.6043255254E-02 5.8E-07       3 1.2E+02       F  T
     418   3          4.6043255224E-02 5.6E-07       3 1.0E+02       F  T
 
    Iter Phase   Ninf     Objective     RGmax      NSB   Step  InItr MX OK
     419   3          4.6043255195E-02 5.8E-07       3 1.2E+02       F  T
     420   3          4.6043255165E-02 5.5E-07       3 1.0E+02       F  T
     421   3          4.6043255135E-02 5.7E-07       3 1.2E+02       F  T
     422   3          4.6043255106E-02 5.5E-07       3 1.0E+02       F  T
     423   3          4.6043255076E-02 5.7E-07       3 1.2E+02       F  T
     424   3          4.6043255047E-02 5.5E-07       3 1.0E+02       F  T
     425   3          4.6043255018E-02 5.7E-07       3 1.2E+02       F  T
     426   3          4.6043254989E-02 5.4E-07       3 1.0E+02       F  T
     427   3          4.6043254961E-02 5.6E-07       3 1.2E+02       F  T
     428   3          4.6043254932E-02 5.4E-07       3 1.0E+02       F  T
 
    Iter Phase   Ninf     Objective     RGmax      NSB   Step  InItr MX OK
     429   3          4.6043254904E-02 5.6E-07       3 1.2E+02       F  T
     430   3          4.6043254875E-02 5.4E-07       3 1.0E+02       F  T
     431   3          4.6043254847E-02 5.6E-07       3 1.2E+02       F  T
     432   3          4.6043254819E-02 5.4E-07       3 1.0E+02       F  T
     433   3          4.6043254791E-02 5.6E-07       3 1.2E+02       F  T
     434   3          4.6043254763E-02 5.3E-07       3 1.0E+02       F  T
     435   3          4.6043254736E-02 5.5E-07       3 1.2E+02       F  T
     436   3          4.6043254708E-02 5.3E-07       3 1.0E+02       F  T
     437   3          4.6043254681E-02 5.5E-07       3 1.2E+02       F  T
     438   3          4.6043254654E-02 5.3E-07       3 1.0E+02       F  T
   Elapsed time      126.5 seconds.
 
    Iter Phase   Ninf     Objective     RGmax      NSB   Step  InItr MX OK
     439   3          4.6043254627E-02 5.5E-07       3 1.2E+02       F  T
     440   3          4.6043254600E-02 5.3E-07       3 1.0E+02       F  T
     441   3          4.6043254573E-02 5.5E-07       3 1.2E+02       F  T
     442   3          4.6043254546E-02 5.2E-07       3 1.0E+02       F  T
     443   3          4.6043254520E-02 5.4E-07       3 1.2E+02       F  T
     444   3          4.6043254493E-02 5.2E-07       3 1.0E+02       F  T
     445   3          4.6043254467E-02 5.4E-07       3 1.2E+02       F  T
     446   3          4.6043254441E-02 5.2E-07       3 1.0E+02       F  T
     447   3          4.6043254415E-02 5.4E-07       3 1.2E+02       F  T
     448   3          4.6043254389E-02 5.2E-07       3 1.0E+02       F  T
 
    Iter Phase   Ninf     Objective     RGmax      NSB   Step  InItr MX OK
     449   3          4.6043254363E-02 5.3E-07       3 1.2E+02       F  T
     450   3          4.6043254338E-02 5.1E-07       3 1.0E+02       F  T
     451   3          4.6043254312E-02 5.3E-07       3 1.2E+02       F  T
     452   3          4.6043254287E-02 5.1E-07       3 1.0E+02       F  T
     453   3          4.6043254261E-02 5.3E-07       3 1.2E+02       F  T
     454   3          4.6043254236E-02 5.1E-07       3 1.0E+02       F  T
     455   3          4.6043254211E-02 5.3E-07       3 1.2E+02       F  T
     456   3          4.6043254186E-02 5.0E-07       3 1.0E+02       F  T
     457   3          4.6043254162E-02 5.2E-07       3 1.2E+02       F  T
     458   3          4.6043254137E-02 5.0E-07       3 1.0E+02       F  T
 
    Iter Phase   Ninf     Objective     RGmax      NSB   Step  InItr MX OK
     459   3          4.6043254113E-02 5.2E-07       3 1.2E+02       F  T
     460   3          4.6043254088E-02 5.0E-07       3 1.0E+02       F  T
     461   3          4.6043254064E-02 5.2E-07       3 1.2E+02       F  T
     462   3          4.6043254040E-02 5.0E-07       3 1.0E+02       F  T
     463   3          4.6043254016E-02 5.2E-07       3 1.2E+02       F  T
     464   3          4.6043253992E-02 4.9E-07       3 1.0E+02       F  T
     465   3          4.6043253968E-02 5.1E-07       3 1.2E+02       F  T
     466   3          4.6043253944E-02 4.9E-07       3 1.0E+02       F  T
     467   3          4.6043253921E-02 5.1E-07       3 1.2E+02       F  T
     468   3          4.6043253897E-02 4.9E-07       3 1.0E+02       F  T
 
    Iter Phase   Ninf     Objective     RGmax      NSB   Step  InItr MX OK
     469   3          4.6043253874E-02 5.1E-07       3 1.2E+02       F  T
     470   3          4.6043253851E-02 4.9E-07       3 1.0E+02       F  T
     471   3          4.6043253828E-02 5.1E-07       3 1.2E+02       F  T
     472   3          4.6043253805E-02 4.8E-07       3 1.0E+02       F  T
     473   3          4.6043253782E-02 5.0E-07       3 1.2E+02       F  T
     474   3          4.6043253759E-02 4.8E-07       3 1.0E+02       F  T
     475   3          4.6043253736E-02 5.0E-07       3 1.2E+02       F  T
     476   3          4.6043253714E-02 4.8E-07       3 1.0E+02       F  T
     477   3          4.6043253691E-02 5.0E-07       3 1.2E+02       F  T
     478   3          4.6043253669E-02 4.8E-07       3 1.0E+02       F  T
 
    Iter Phase   Ninf     Objective     RGmax      NSB   Step  InItr MX OK
     479   3          4.6043253647E-02 5.0E-07       3 1.2E+02       F  T
     480   3          4.6043253625E-02 4.8E-07       3 1.0E+02       F  T
     481   3          4.6043253603E-02 4.9E-07       3 1.2E+02       F  T
     482   3          4.6043253581E-02 4.7E-07       3 1.0E+02       F  T
     483   3          4.6043253559E-02 4.9E-07       3 1.2E+02       F  T
     484   3          4.6043253538E-02 4.7E-07       3 1.0E+02       F  T
     485   3          4.6043253516E-02 4.9E-07       3 1.2E+02       F  T
     486   3          4.6043253495E-02 4.7E-07       3 1.0E+02       F  T
     487   3          4.6043253473E-02 4.9E-07       3 1.2E+02       F  T
     488   3          4.6043253452E-02 4.7E-07       3 1.0E+02       F  T
 
    Iter Phase   Ninf     Objective     RGmax      NSB   Step  InItr MX OK
     489   3          4.6043253431E-02 4.8E-07       3 1.2E+02       F  T
     490   3          4.6043253410E-02 4.6E-07       3 1.0E+02       F  T
     491   3          4.6043253389E-02 4.8E-07       3 1.2E+02       F  T
     492   3          4.6043253368E-02 4.6E-07       3 1.0E+02       F  T
     493   3          4.6043253347E-02 4.8E-07       3 1.2E+02       F  T
     494   3          4.6043253327E-02 4.6E-07       3 1.0E+02       F  T
     495   3          4.6043253306E-02 4.8E-07       3 1.2E+02       F  T
     496   3          4.6043253286E-02 4.6E-07       3 1.0E+02       F  T
     497   3          4.6043253266E-02 4.7E-07       3 1.2E+02       F  T
     498   3          4.6043253246E-02 4.5E-07       3 1.0E+02       F  T
 
    Iter Phase   Ninf     Objective     RGmax      NSB   Step  InItr MX OK
     499   3          4.6043253225E-02 4.7E-07       3 1.2E+02       F  T
     500   3          4.6043253205E-02 4.5E-07       3 1.0E+02       F  T
     501   3          4.6043253186E-02 4.7E-07       3 1.2E+02       F  T
     502   3          4.6043253166E-02 4.5E-07       3 1.0E+02       F  T
     503   3          4.6043253146E-02 4.7E-07       3 1.2E+02       F  T
     504   3          4.6043253126E-02 4.5E-07       3 1.0E+02       F  T
     505   3          4.6043253107E-02 4.7E-07       3 1.2E+02       F  T
     506   3          4.6043253088E-02 4.4E-07       3 1.0E+02       F  T
     507   3          4.6043253068E-02 4.6E-07       3 1.2E+02       F  T
     508   3          4.6043253049E-02 4.4E-07       3 1.0E+02       F  T
 
    Iter Phase   Ninf     Objective     RGmax      NSB   Step  InItr MX OK
     509   3          4.6043253030E-02 4.6E-07       3 1.2E+02       F  T
     510   3          4.6043253011E-02 4.4E-07       3 1.0E+02       F  T
     511   3          4.6043252992E-02 4.6E-07       3 1.2E+02       F  T
     512   3          4.6043252973E-02 4.4E-07       3 1.0E+02       F  T
     513   3          4.6043252954E-02 4.6E-07       3 1.2E+02       F  T
     514   3          4.6043252936E-02 4.4E-07       3 1.0E+02       F  T
     515   3          4.6043252917E-02 4.5E-07       3 1.2E+02       F  T
     516   3          4.6043252899E-02 4.3E-07       3 1.0E+02       F  T
     517   3          4.6043252880E-02 4.5E-07       3 1.2E+02       F  T
     518   3          4.6043252862E-02 4.3E-07       3 1.0E+02       F  T
   Elapsed time      158.8 seconds.
 
    Iter Phase   Ninf     Objective     RGmax      NSB   Step  InItr MX OK
     519   3          4.6043252844E-02 4.5E-07       3 1.2E+02       F  T
     520   3          4.6043252826E-02 4.3E-07       3 1.0E+02       F  T
     521   3          4.6043252808E-02 4.5E-07       3 1.2E+02       F  T
     522   3          4.6043252790E-02 4.3E-07       3 1.0E+02       F  T
     523   3          4.6043252772E-02 4.4E-07       3 1.2E+02       F  T
     524   3          4.6043252754E-02 4.3E-07       3 1.0E+02       F  T
     525   3          4.6043252737E-02 4.4E-07       3 1.2E+02       F  T
     526   3          4.6043252719E-02 4.2E-07       3 1.0E+02       F  T
     527   3          4.6043252702E-02 4.4E-07       3 1.2E+02       F  T
     528   3          4.6043252684E-02 4.2E-07       3 1.0E+02       F  T
 
    Iter Phase   Ninf     Objective     RGmax      NSB   Step  InItr MX OK
     529   3          4.6043252667E-02 4.4E-07       3 1.2E+02       F  T
     530   3          4.6043252650E-02 4.2E-07       3 1.0E+02       F  T
     531   3          4.6043252633E-02 4.4E-07       3 1.2E+02       F  T
     532   3          4.6043252615E-02 4.2E-07       3 1.0E+02       F  T
     533   3          4.6043252599E-02 4.3E-07       3 1.2E+02       F  T
     534   3          4.6043252582E-02 4.1E-07       3 1.0E+02       F  T
     535   3          4.6043252565E-02 4.3E-07       3 1.2E+02       F  T
     536   3          4.6043252548E-02 4.1E-07       3 1.0E+02       F  T
     537   3          4.6043252532E-02 4.3E-07       3 1.2E+02       F  T
     538   3          4.6043252515E-02 4.1E-07       3 1.0E+02       F  T
 
    Iter Phase   Ninf     Objective     RGmax      NSB   Step  InItr MX OK
     539   3          4.6043252499E-02 4.3E-07       3 1.2E+02       F  T
     540   3          4.6043252482E-02 4.1E-07       3 1.0E+02       F  T
     541   3          4.6043252466E-02 4.3E-07       3 1.2E+02       F  T
     542   3          4.6043252450E-02 4.1E-07       3 1.0E+02       F  T
     543   3          4.6043252434E-02 4.2E-07       3 1.2E+02       F  T
     544   3          4.6043252417E-02 4.0E-07       3 1.0E+02       F  T
     545   3          4.6043252401E-02 4.2E-07       3 1.2E+02       F  T
     546   3          4.6043252386E-02 4.0E-07       3 1.0E+02       F  T
     547   3          4.6043252370E-02 4.2E-07       3 1.2E+02       F  T
     548   3          4.6043252354E-02 4.0E-07       3 1.0E+02       F  T
 
    Iter Phase   Ninf     Objective     RGmax      NSB   Step  InItr MX OK
     549   3          4.6043252338E-02 4.2E-07       3 1.2E+02       F  T
     550   3          4.6043252323E-02 4.0E-07       3 1.0E+02       F  T
     551   3          4.6043252307E-02 4.2E-07       3 1.2E+02       F  T
     552   3          4.6043252292E-02 4.0E-07       3 1.0E+02       F  T
     553   3          4.6043252277E-02 4.1E-07       3 1.2E+02       F  T
     554   3          4.6043252261E-02 3.9E-07       3 1.0E+02       F  T
     555   3          4.6043252246E-02 4.1E-07       3 1.2E+02       F  T
     556   3          4.6043252231E-02 3.9E-07       3 1.0E+02       F  T
     557   3          4.6043252216E-02 4.1E-07       3 1.2E+02       F  T
     558   3          4.6043252201E-02 3.9E-07       3 1.0E+02       F  T
 
    Iter Phase   Ninf     Objective     RGmax      NSB   Step  InItr MX OK
     559   3          4.6043252186E-02 4.1E-07       3 1.2E+02       F  T
     560   3          4.6043252171E-02 3.9E-07       3 1.0E+02       F  T
     561   3          4.6043252156E-02 4.0E-07       3 1.2E+02       F  T
     562   3          4.6043252142E-02 3.9E-07       3 1.0E+02       F  T
     563   3          4.6043252127E-02 4.0E-07       3 1.2E+02       F  T
     564   3          4.6043252113E-02 3.8E-07       3 1.0E+02       F  T
     565   3          4.6043252098E-02 4.0E-07       3 1.2E+02       F  T
     566   3          4.6043252084E-02 3.8E-07       3 1.0E+02       F  T
     567   3          4.6043252070E-02 4.0E-07       3 1.2E+02       F  T
     568   3          4.6043252055E-02 3.8E-07       3 1.0E+02       F  T
 
    Iter Phase   Ninf     Objective     RGmax      NSB   Step  InItr MX OK
     569   3          4.6043252041E-02 4.0E-07       3 1.2E+02       F  T
     570   3          4.6043252027E-02 3.8E-07       3 1.0E+02       F  T
     571   3          4.6043252013E-02 3.9E-07       3 1.2E+02       F  T
     572   3          4.6043251999E-02 3.8E-07       3 1.0E+02       F  T
     573   3          4.6043251985E-02 3.9E-07       3 1.2E+02       F  T
     574   3          4.6043251971E-02 3.7E-07       3 1.0E+02       F  T
     575   3          4.6043251958E-02 3.9E-07       3 1.2E+02       F  T
     576   3          4.6043251944E-02 3.7E-07       3 1.0E+02       F  T
     577   3          4.6043251930E-02 3.9E-07       3 1.2E+02       F  T
     578   3          4.6043251917E-02 3.7E-07       3 1.0E+02       F  T
 
    Iter Phase   Ninf     Objective     RGmax      NSB   Step  InItr MX OK
     579   3          4.6043251903E-02 3.9E-07       3 1.2E+02       F  T
     580   3          4.6043251890E-02 3.7E-07       3 1.0E+02       F  T
     581   3          4.6043251876E-02 3.9E-07       3 1.2E+02       F  T
     582   3          4.6043251863E-02 3.7E-07       3 1.0E+02       F  T
     583   3          4.6043251850E-02 3.8E-07       3 1.2E+02       F  T
     584   3          4.6043251837E-02 3.7E-07       3 1.0E+02       F  T
     585   3          4.6043251824E-02 3.8E-07       3 1.2E+02       F  T
     586   3          4.6043251811E-02 3.6E-07       3 1.0E+02       F  T
     587   3          4.6043251798E-02 3.8E-07       3 1.2E+02       F  T
     588   3          4.6043251785E-02 3.6E-07       3 1.0E+02       F  T
 
    Iter Phase   Ninf     Objective     RGmax      NSB   Step  InItr MX OK
     589   3          4.6043251772E-02 3.8E-07       3 1.2E+02       F  T
     590   3          4.6043251759E-02 3.6E-07       3 1.0E+02       F  T
     591   3          4.6043251747E-02 3.8E-07       3 1.2E+02       F  T
     592   3          4.6043251734E-02 3.6E-07       3 1.0E+02       F  T
     593   3          4.6043251721E-02 3.7E-07       3 1.2E+02       F  T
     594   3          4.6043251709E-02 3.6E-07       3 1.0E+02       F  T
     595   3          4.6043251697E-02 3.7E-07       3 1.2E+02       F  T
     596   3          4.6043251684E-02 3.5E-07       3 1.0E+02       F  T
     597   3          4.6043251672E-02 3.7E-07       3 1.2E+02       F  T
     598   3          4.6043251660E-02 3.5E-07       3 1.0E+02       F  T
   Elapsed time      190.8 seconds.
 
    Iter Phase   Ninf     Objective     RGmax      NSB   Step  InItr MX OK
     599   3          4.6043251647E-02 3.7E-07       3 1.2E+02       F  T
     600   3          4.6043251635E-02 3.5E-07       3 1.0E+02       F  T
     601   3          4.6043251623E-02 3.7E-07       3 1.2E+02       F  T
     602   3          4.6043251611E-02 3.5E-07       3 1.0E+02       F  T
     603   3          4.6043251599E-02 3.6E-07       3 1.2E+02       F  T
     604   3          4.6043251587E-02 3.5E-07       3 1.0E+02       F  T
     605   3          4.6043251576E-02 3.6E-07       3 1.2E+02       F  T
     606   3          4.6043251564E-02 3.5E-07       3 1.0E+02       F  T
     607   3          4.6043251552E-02 3.6E-07       3 1.2E+02       F  T
     608   3          4.6043251540E-02 3.4E-07       3 1.0E+02       F  T
 
    Iter Phase   Ninf     Objective     RGmax      NSB   Step  InItr MX OK
     609   3          4.6043251529E-02 3.6E-07       3 1.2E+02       F  T
     610   3          4.6043251517E-02 3.4E-07       3 1.0E+02       F  T
     611   3          4.6043251506E-02 3.6E-07       3 1.2E+02       F  T
     612   3          4.6043251494E-02 3.4E-07       3 1.0E+02       F  T
     613   3          4.6043251483E-02 3.6E-07       3 1.2E+02       F  T
     614   3          4.6043251472E-02 3.4E-07       3 1.0E+02       F  T
     615   3          4.6043251460E-02 3.5E-07       3 1.2E+02       F  T
     616   3          4.6043251449E-02 3.4E-07       3 1.0E+02       F  T
     617   3          4.6043251438E-02 3.5E-07       3 1.2E+02       F  T
     618   3          4.6043251427E-02 3.4E-07       3 1.0E+02       F  T
 
    Iter Phase   Ninf     Objective     RGmax      NSB   Step  InItr MX OK
     619   3          4.6043251416E-02 3.5E-07       3 1.2E+02       F  T
     620   3          4.6043251405E-02 3.3E-07       3 1.0E+02       F  T
     621   3          4.6043251394E-02 3.5E-07       3 1.2E+02       F  T
     622   3          4.6043251383E-02 3.3E-07       3 1.0E+02       F  T
     623   3          4.6043251372E-02 3.5E-07       3 1.2E+02       F  T
     624   3          4.6043251362E-02 3.3E-07       3 1.0E+02       F  T
     625   3          4.6043251351E-02 3.5E-07       3 1.2E+02       F  T
     626   3          4.6043251340E-02 3.3E-07       3 1.0E+02       F  T
     627   3          4.6043251330E-02 3.4E-07       3 1.2E+02       F  T
     628   3          4.6043251319E-02 3.3E-07       3 1.0E+02       F  T
 
    Iter Phase   Ninf     Objective     RGmax      NSB   Step  InItr MX OK
     629   3          4.6043251309E-02 3.4E-07       3 1.2E+02       F  T
     630   3          4.6043251298E-02 3.3E-07       3 1.0E+02       F  T
     631   3          4.6043251288E-02 3.4E-07       3 1.2E+02       F  T
     632   3          4.6043251278E-02 3.2E-07       3 1.0E+02       F  T
     633   3          4.6043251267E-02 3.4E-07       3 1.2E+02       F  T
     634   3          4.6043251257E-02 3.2E-07       3 1.0E+02       F  T
     635   3          4.6043251247E-02 3.4E-07       3 1.2E+02       F  T
     636   3          4.6043251237E-02 3.2E-07       3 1.0E+02       F  T
     637   3          4.6043251227E-02 3.3E-07       3 1.2E+02       F  T
     638   3          4.6043251217E-02 3.2E-07       3 1.0E+02       F  T
 
    Iter Phase   Ninf     Objective     RGmax      NSB   Step  InItr MX OK
     639   3          4.6043251207E-02 3.3E-07       3 1.2E+02       F  T
     640   3          4.6043251197E-02 3.2E-07       3 1.0E+02       F  T
     641   3          4.6043251187E-02 3.3E-07       3 1.2E+02       F  T
     642   3          4.6043251177E-02 3.2E-07       3 1.0E+02       F  T
     643   3          4.6043251167E-02 3.3E-07       3 1.2E+02       F  T
     644   3          4.6043251157E-02 3.1E-07       3 1.0E+02       F  T
     645   3          4.6043251148E-02 3.3E-07       3 1.2E+02       F  T
     646   3          4.6043251138E-02 3.1E-07       3 1.0E+02       F  T
     647   3          4.6043251129E-02 3.3E-07       3 1.2E+02       F  T
     648   3          4.6043251119E-02 3.1E-07       3 1.0E+02       F  T
 
    Iter Phase   Ninf     Objective     RGmax      NSB   Step  InItr MX OK
     649   3          4.6043251110E-02 3.2E-07       3 1.2E+02       F  T
     650   3          4.6043251100E-02 3.1E-07       3 1.0E+02       F  T
     651   3          4.6043251091E-02 3.2E-07       3 1.2E+02       F  T
     652   3          4.6043251081E-02 3.1E-07       3 1.0E+02       F  T
     653   3          4.6043251072E-02 3.2E-07       3 1.2E+02       F  T
     654   3          4.6043251063E-02 3.1E-07       3 1.0E+02       F  T
     655   3          4.6043251054E-02 3.2E-07       3 1.2E+02       F  T
     656   3          4.6043251044E-02 3.0E-07       3 1.0E+02       F  T
     657   3          4.6043251035E-02 3.2E-07       3 1.2E+02       F  T
     658   3          4.6043251026E-02 3.0E-07       3 1.0E+02       F  T
 
    Iter Phase   Ninf     Objective     RGmax      NSB   Step  InItr MX OK
     659   3          4.6043251017E-02 3.2E-07       3 1.2E+02       F  T
     660   3          4.6043251008E-02 3.0E-07       3 1.0E+02       F  T
     661   3          4.6043250999E-02 3.2E-07       3 1.2E+02       F  T
     662   3          4.6043250990E-02 3.0E-07       3 1.0E+02       F  T
     663   3          4.6043250982E-02 3.1E-07       3 1.2E+02       F  T
     664   3          4.6043250973E-02 3.0E-07       3 1.0E+02       F  T
     665   3          4.6043250964E-02 3.1E-07       3 1.2E+02       F  T
     666   3          4.6043250955E-02 3.0E-07       3 1.0E+02       F  T
     667   3          4.6043250947E-02 3.1E-07       3 1.2E+02       F  T
     668   3          4.6043250938E-02 3.0E-07       3 1.0E+02       F  T
 
    Iter Phase   Ninf     Objective     RGmax      NSB   Step  InItr MX OK
     669   3          4.6043250929E-02 3.1E-07       3 1.2E+02       F  T
     670   3          4.6043250921E-02 2.9E-07       3 1.0E+02       F  T
     671   3          4.6043250912E-02 3.1E-07       3 1.2E+02       F  T
     672   3          4.6043250904E-02 2.9E-07       3 1.0E+02       F  T
     673   3          4.6043250896E-02 3.1E-07       3 1.2E+02       F  T
     674   3          4.6043250887E-02 2.9E-07       3 1.0E+02       F  T
     675   3          4.6043250879E-02 3.0E-07       3 1.2E+02       F  T
     676   3          4.6043250871E-02 2.9E-07       3 1.0E+02       F  T
     677   3          4.6043250862E-02 3.0E-07       3 1.2E+02       F  T
     678   3          4.6043250854E-02 2.9E-07       3 1.0E+02       F  T
   Elapsed time      222.9 seconds.
 
    Iter Phase   Ninf     Objective     RGmax      NSB   Step  InItr MX OK
     679   3          4.6043250846E-02 3.0E-07       3 1.2E+02       F  T
     680   3          4.6043250838E-02 2.9E-07       3 1.0E+02       F  T
     681   3          4.6043250830E-02 3.0E-07       3 1.2E+02       F  T
     682   3          4.6043250822E-02 2.8E-07       3 1.0E+02       F  T
     683   3          4.6043250814E-02 3.0E-07       3 1.2E+02       F  T
     684   3          4.6043250806E-02 2.8E-07       3 1.0E+02       F  T
     685   3          4.6043250798E-02 3.0E-07       3 1.2E+02       F  T
     686   3          4.6043250790E-02 2.8E-07       3 1.0E+02       F  T
     687   3          4.6043250782E-02 3.0E-07       3 1.2E+02       F  T
     688   3          4.6043250774E-02 2.8E-07       3 1.0E+02       F  T
 
    Iter Phase   Ninf     Objective     RGmax      NSB   Step  InItr MX OK
     689   3          4.6043250767E-02 2.9E-07       3 1.2E+02       F  T
     690   3          4.6043250759E-02 2.8E-07       3 1.0E+02       F  T
     691   3          4.6043250751E-02 2.9E-07       3 1.2E+02       F  T
     692   3          4.6043250744E-02 2.8E-07       3 1.0E+02       F  T
     693   3          4.6043250736E-02 2.9E-07       3 1.2E+02       F  T
     694   3          4.6043250728E-02 2.8E-07       3 1.0E+02       F  T
     695   3          4.6043250721E-02 2.9E-07       3 1.2E+02       F  T
     696   3          4.6043250713E-02 2.7E-07       3 1.0E+02       F  T
     697   3          4.6043250706E-02 2.9E-07       3 1.2E+02       F  T
     698   3          4.6043250699E-02 2.7E-07       3 1.0E+02       F  T
 
    Iter Phase   Ninf     Objective     RGmax      NSB   Step  InItr MX OK
     699   3          4.6043250691E-02 2.9E-07       3 1.2E+02       F  T
     700   3          4.6043250684E-02 2.7E-07       3 1.0E+02       F  T
     701   3          4.6043250677E-02 2.9E-07       3 1.2E+02       F  T
     702   3          4.6043250669E-02 2.7E-07       3 1.0E+02       F  T
     703   3          4.6043250662E-02 2.8E-07       3 1.2E+02       F  T
     704   3          4.6043250655E-02 2.7E-07       3 1.0E+02       F  T
     705   3          4.6043250648E-02 2.8E-07       3 1.2E+02       F  T
     706   3          4.6043250641E-02 2.7E-07       3 1.0E+02       F  T
     707   3          4.6043250633E-02 2.8E-07       3 1.2E+02       F  T
     708   3          4.6043250626E-02 2.7E-07       3 1.0E+02       F  T
 
    Iter Phase   Ninf     Objective     RGmax      NSB   Step  InItr MX OK
     709   3          4.6043250619E-02 2.8E-07       3 1.2E+02       F  T
     710   3          4.6043250612E-02 2.7E-07       3 1.0E+02       F  T
     711   3          4.6043250605E-02 2.8E-07       3 1.2E+02       F  T
     712   3          4.6043250599E-02 2.6E-07       3 1.0E+02       F  T
     713   3          4.6043250592E-02 2.8E-07       3 1.2E+02       F  T
     714   3          4.6043250585E-02 2.6E-07       3 1.0E+02       F  T
     715   3          4.6043250578E-02 2.8E-07       3 1.2E+02       F  T
     716   3          4.6043250571E-02 2.6E-07       3 1.0E+02       F  T
     717   3          4.6043250565E-02 2.7E-07       3 1.2E+02       F  T
     718   3          4.6043250558E-02 2.6E-07       3 1.0E+02       F  T
 
    Iter Phase   Ninf     Objective     RGmax      NSB   Step  InItr MX OK
     719   3          4.6043250551E-02 2.7E-07       3 1.2E+02       F  T
     720   3          4.6043250545E-02 2.6E-07       3 1.0E+02       F  T
     721   3          4.6043250538E-02 2.7E-07       3 1.2E+02       F  T
     722   3          4.6043250531E-02 2.6E-07       3 1.0E+02       F  T
     723   3          4.6043250525E-02 2.7E-07       3 1.2E+02       F  T
     724   3          4.6043250518E-02 2.6E-07       3 1.0E+02       F  T
     725   3          4.6043250512E-02 2.7E-07       3 1.2E+02       F  T
     726   3          4.6043250505E-02 2.5E-07       3 1.0E+02       F  T
     727   3          4.6043250499E-02 2.7E-07       3 1.2E+02       F  T
     728   3          4.6043250493E-02 2.5E-07       3 1.0E+02       F  T
 
    Iter Phase   Ninf     Objective     RGmax      NSB   Step  InItr MX OK
     729   3          4.6043250486E-02 2.7E-07       3 1.2E+02       F  T
     730   3          4.6043250480E-02 2.5E-07       3 1.0E+02       F  T
     731   3          4.6043250474E-02 2.6E-07       3 1.2E+02       F  T
     732   3          4.6043250467E-02 2.5E-07       3 1.0E+02       F  T
     733   3          4.6043250461E-02 2.6E-07       3 1.2E+02       F  T
     734   3          4.6043250455E-02 2.5E-07       3 1.0E+02       F  T
     735   3          4.6043250449E-02 2.6E-07       3 1.2E+02       F  T
     736   3          4.6043250443E-02 2.5E-07       3 1.0E+02       F  T
     737   3          4.6043250437E-02 2.6E-07       3 1.2E+02       F  T
     738   3          4.6043250431E-02 2.5E-07       3 1.0E+02       F  T
 
    Iter Phase   Ninf     Objective     RGmax      NSB   Step  InItr MX OK
     739   3          4.6043250425E-02 2.6E-07       3 1.2E+02       F  T
     740   3          4.6043250419E-02 2.5E-07       3 1.0E+02       F  T
     741   3          4.6043250413E-02 2.6E-07       3 1.2E+02       F  T
     742   3          4.6043250407E-02 2.4E-07       3 1.0E+02       F  T
     743   3          4.6043250401E-02 2.6E-07       3 1.2E+02       F  T
     744   3          4.6043250395E-02 2.4E-07       3 1.0E+02       F  T
     745   3          4.6043250389E-02 2.6E-07       3 1.2E+02       F  T
     746   3          4.6043250383E-02 2.4E-07       3 1.0E+02       F  T
     747   3          4.6043250377E-02 2.5E-07       3 1.2E+02       F  T
     748   3          4.6043250372E-02 2.4E-07       3 1.0E+02       F  T
 
    Iter Phase   Ninf     Objective     RGmax      NSB   Step  InItr MX OK
     749   3          4.6043250366E-02 2.5E-07       3 1.2E+02       F  T
     750   3          4.6043250360E-02 2.4E-07       3 1.0E+02       F  T
     751   3          4.6043250355E-02 2.5E-07       3 1.2E+02       F  T
     752   3          4.6043250349E-02 2.4E-07       3 1.0E+02       F  T
     753   3          4.6043250343E-02 2.5E-07       3 1.2E+02       F  T
     754   3          4.6043250338E-02 2.4E-07       3 1.0E+02       F  T
     755   3          4.6043250332E-02 2.5E-07       3 1.2E+02       F  T
     756   3          4.6043250327E-02 2.4E-07       3 1.0E+02       F  T
     757   3          4.6043250321E-02 2.5E-07       3 1.2E+02       F  T
     758   3          4.6043250316E-02 2.3E-07       3 1.0E+02       F  T
   Elapsed time      255.1 seconds.
 
    Iter Phase   Ninf     Objective     RGmax      NSB   Step  InItr MX OK
     759   3          4.6043250310E-02 2.5E-07       3 1.2E+02       F  T
     760   3          4.6043250305E-02 2.3E-07       3 1.0E+02       F  T
     761   3          4.6043250299E-02 2.5E-07       3 1.2E+02       F  T
     762   3          4.6043250294E-02 2.3E-07       3 1.0E+02       F  T
     763   3          4.6043250289E-02 2.4E-07       3 1.2E+02       F  T
     764   3          4.6043250283E-02 2.3E-07       3 1.0E+02       F  T
     765   3          4.6043250278E-02 2.4E-07       3 1.2E+02       F  T
     766   3          4.6043250273E-02 2.3E-07       3 1.0E+02       F  T
     767   3          4.6043250267E-02 2.4E-07       3 1.2E+02       F  T
     768   3          4.6043250262E-02 2.3E-07       3 1.0E+02       F  T
 
    Iter Phase   Ninf     Objective     RGmax      NSB   Step  InItr MX OK
     769   3          4.6043250257E-02 2.4E-07       3 1.2E+02       F  T
     770   3          4.6043250252E-02 2.3E-07       3 1.0E+02       F  T
     771   3          4.6043250247E-02 2.4E-07       3 1.2E+02       F  T
     772   3          4.6043250242E-02 2.3E-07       3 1.0E+02       F  T
     773   3          4.6043250237E-02 2.4E-07       3 1.2E+02       F  T
     774   3          4.6043250232E-02 2.3E-07       3 1.0E+02       F  T
     775   3          4.6043250227E-02 2.4E-07       3 1.2E+02       F  T
     776   3          4.6043250222E-02 2.2E-07       3 1.0E+02       F  T
     777   3          4.6043250217E-02 2.4E-07       3 1.2E+02       F  T
     778   3          4.6043250212E-02 2.2E-07       3 1.0E+02       F  T
 
    Iter Phase   Ninf     Objective     RGmax      NSB   Step  InItr MX OK
     779   3          4.6043250207E-02 2.3E-07       3 1.2E+02       F  T
     780   3          4.6043250202E-02 2.2E-07       3 1.0E+02       F  T
     781   3          4.6043250197E-02 2.3E-07       3 1.2E+02       F  T
     782   3          4.6043250192E-02 2.2E-07       3 1.0E+02       F  T
     783   3          4.6043250187E-02 2.3E-07       3 1.2E+02       F  T
     784   3          4.6043250182E-02 2.2E-07       3 1.0E+02       F  T
     785   3          4.6043250178E-02 2.3E-07       3 1.2E+02       F  T
     786   3          4.6043250173E-02 2.2E-07       3 1.0E+02       F  T
     787   3          4.6043250168E-02 2.3E-07       3 1.2E+02       F  T
     788   3          4.6043250163E-02 2.2E-07       3 1.0E+02       F  T
 
    Iter Phase   Ninf     Objective     RGmax      NSB   Step  InItr MX OK
     789   3          4.6043250159E-02 2.3E-07       3 1.2E+02       F  T
     790   3          4.6043250154E-02 2.2E-07       3 1.0E+02       F  T
     791   3          4.6043250149E-02 2.3E-07       3 1.2E+02       F  T
     792   3          4.6043250145E-02 2.2E-07       3 1.0E+02       F  T
     793   3          4.6043250140E-02 2.3E-07       3 1.2E+02       F  T
     794   3          4.6043250136E-02 2.1E-07       3 1.0E+02       F  T
     795   3          4.6043250131E-02 2.3E-07       3 1.2E+02       F  T
     796   3          4.6043250127E-02 2.1E-07       3 1.0E+02       F  T
     797   3          4.6043250122E-02 2.2E-07       3 1.2E+02       F  T
     798   3          4.6043250118E-02 2.1E-07       3 1.0E+02       F  T
 
    Iter Phase   Ninf     Objective     RGmax      NSB   Step  InItr MX OK
     799   3          4.6043250113E-02 2.2E-07       3 1.2E+02       F  T
     800   3          4.6043250109E-02 2.1E-07       3 1.0E+02       F  T
     801   3          4.6043250104E-02 2.2E-07       3 1.2E+02       F  T
     802   3          4.6043250100E-02 2.1E-07       3 1.0E+02       F  T
     803   3          4.6043250096E-02 2.2E-07       3 1.2E+02       F  T
     804   3          4.6043250091E-02 2.1E-07       3 1.0E+02       F  T
     805   3          4.6043250087E-02 2.2E-07       3 1.2E+02       F  T
     806   3          4.6043250083E-02 2.1E-07       3 1.0E+02       F  T
     807   3          4.6043250078E-02 2.2E-07       3 1.2E+02       F  T
     808   3          4.6043250074E-02 2.1E-07       3 1.0E+02       F  T
 
    Iter Phase   Ninf     Objective     RGmax      NSB   Step  InItr MX OK
     809   3          4.6043250070E-02 2.2E-07       3 1.2E+02       F  T
     810   3          4.6043250066E-02 2.1E-07       3 1.0E+02       F  T
     811   3          4.6043250061E-02 2.2E-07       3 1.2E+02       F  T
     812   3          4.6043250057E-02 2.0E-07       3 1.0E+02       F  T
     813   3          4.6043250053E-02 2.2E-07       3 1.2E+02       F  T
     814   3          4.6043250049E-02 2.0E-07       3 1.0E+02       F  T
     815   3          4.6043250045E-02 2.1E-07       3 1.2E+02       F  T
     816   3          4.6043250041E-02 2.0E-07       3 1.0E+02       F  T
     817   3          4.6043250037E-02 2.1E-07       3 1.2E+02       F  T
     818   3          4.6043250033E-02 2.0E-07       3 1.0E+02       F  T
 
    Iter Phase   Ninf     Objective     RGmax      NSB   Step  InItr MX OK
     819   3          4.6043250029E-02 2.1E-07       3 1.2E+02       F  T
     820   3          4.6043250025E-02 2.0E-07       3 1.0E+02       F  T
     821   3          4.6043250021E-02 2.1E-07       3 1.2E+02       F  T
     822   3          4.6043250017E-02 2.0E-07       3 1.0E+02       F  T
     823   3          4.6043250013E-02 2.1E-07       3 1.2E+02       F  T
     824   3          4.6043250009E-02 2.0E-07       3 1.0E+02       F  T
     825   3          4.6043250005E-02 2.1E-07       3 1.2E+02       F  T
     826   3          4.6043250001E-02 2.0E-07       3 1.0E+02       F  T
     827   3          4.6043249997E-02 2.1E-07       3 1.2E+02       F  T
     828   3          4.6043249993E-02 2.0E-07       3 1.0E+02       F  T
 
    Iter Phase   Ninf     Objective     RGmax      NSB   Step  InItr MX OK
     829   3          4.6043249989E-02 2.1E-07       3 1.2E+02       F  T
     830   3          4.6043249986E-02 2.0E-07       3 1.0E+02       F  T
     831   3          4.6043249982E-02 2.1E-07       3 1.2E+02       F  T
     832   3          4.6043249978E-02 1.9E-07       3 1.0E+02       F  T
     833   3          4.6043249974E-02 2.0E-07       3 1.2E+02       F  T
     834   3          4.6043249971E-02 1.9E-07       3 1.0E+02       F  T
     835   3          4.6043249967E-02 2.0E-07       3 1.2E+02       F  T
     836   3          4.6043249963E-02 1.9E-07       3 1.0E+02       F  T
     837   3          4.6043249959E-02 2.0E-07       3 1.2E+02       F  T
     838   3          4.6043249956E-02 1.9E-07       3 1.0E+02       F  T
   Elapsed time      287.0 seconds.
 
    Iter Phase   Ninf     Objective     RGmax      NSB   Step  InItr MX OK
     839   3          4.6043249952E-02 2.0E-07       3 1.2E+02       F  T
     840   3          4.6043249949E-02 1.9E-07       3 1.0E+02       F  T
     841   3          4.6043249945E-02 2.0E-07       3 1.2E+02       F  T
     842   3          4.6043249941E-02 1.9E-07       3 1.0E+02       F  T
     843   3          4.6043249938E-02 2.0E-07       3 1.2E+02       F  T
     844   3          4.6043249934E-02 1.9E-07       3 1.0E+02       F  T
     845   3          4.6043249931E-02 2.0E-07       3 1.2E+02       F  T
     846   3          4.6043249927E-02 1.9E-07       3 1.0E+02       F  T
     847   3          4.6043249924E-02 2.0E-07       3 1.2E+02       F  T
     848   3          4.6043249920E-02 1.9E-07       3 1.0E+02       F  T
 
    Iter Phase   Ninf     Objective     RGmax      NSB   Step  InItr MX OK
     849   3          4.6043249917E-02 2.0E-07       3 1.2E+02       F  T
     850   3          4.6043249913E-02 1.9E-07       3 1.0E+02       F  T
     851   3          4.6043249910E-02 2.0E-07       3 1.2E+02       F  T
     852   3          4.6043249907E-02 1.8E-07       3 1.0E+02       F  T
     853   3          4.6043249903E-02 1.9E-07       3 1.2E+02       F  T
     854   3          4.6043249900E-02 1.8E-07       3 1.0E+02       F  T
     855   3          4.6043249896E-02 1.9E-07       3 1.2E+02       F  T
     856   3          4.6043249893E-02 1.8E-07       3 1.0E+02       F  T
     857   3          4.6043249890E-02 1.9E-07       3 1.2E+02       F  T
     858   3          4.6043249886E-02 1.8E-07       3 1.0E+02       F  T
 
    Iter Phase   Ninf     Objective     RGmax      NSB   Step  InItr MX OK
     859   3          4.6043249883E-02 1.9E-07       3 1.2E+02       F  T
     860   3          4.6043249880E-02 1.8E-07       3 1.0E+02       F  T
     861   3          4.6043249877E-02 1.9E-07       3 1.2E+02       F  T
     862   3          4.6043249873E-02 1.8E-07       3 1.0E+02       F  T
     863   3          4.6043249870E-02 1.9E-07       3 1.2E+02       F  T
     864   3          4.6043249867E-02 1.8E-07       3 1.0E+02       F  T
     865   3          4.6043249864E-02 1.9E-07       3 1.2E+02       F  T
     866   3          4.6043249861E-02 1.8E-07       3 1.0E+02       F  T
     867   3          4.6043249857E-02 1.9E-07       3 1.2E+02       F  T
     868   3          4.6043249854E-02 1.8E-07       3 1.0E+02       F  T
 
    Iter Phase   Ninf     Objective     RGmax      NSB   Step  InItr MX OK
     869   3          4.6043249851E-02 1.9E-07       3 1.2E+02       F  T
     870   3          4.6043249848E-02 1.8E-07       3 1.0E+02       F  T
     871   3          4.6043249845E-02 1.9E-07       3 1.2E+02       F  T
     872   3          4.6043249842E-02 1.8E-07       3 1.0E+02       F  T
     873   3          4.6043249839E-02 1.8E-07       3 1.2E+02       F  T
     874   3          4.6043249836E-02 1.7E-07       3 1.0E+02       F  T
     875   3          4.6043249833E-02 1.8E-07       3 1.2E+02       F  T
     876   3          4.6043249830E-02 1.7E-07       3 1.0E+02       F  T
     877   3          4.6043249827E-02 1.8E-07       3 1.2E+02       F  T
     878   3          4.6043249824E-02 1.7E-07       3 1.0E+02       F  T
 
    Iter Phase   Ninf     Objective     RGmax      NSB   Step  InItr MX OK
     879   3          4.6043249821E-02 1.8E-07       3 1.2E+02       F  T
     880   3          4.6043249818E-02 1.7E-07       3 1.0E+02       F  T
     881   3          4.6043249815E-02 1.8E-07       3 1.2E+02       F  T
     882   3          4.6043249812E-02 1.7E-07       3 1.0E+02       F  T
     883   3          4.6043249809E-02 1.8E-07       3 1.2E+02       F  T
     884   3          4.6043249806E-02 1.7E-07       3 1.0E+02       F  T
     885   3          4.6043249803E-02 1.8E-07       3 1.2E+02       F  T
     886   3          4.6043249800E-02 1.7E-07       3 1.0E+02       F  T
     887   3          4.6043249797E-02 1.8E-07       3 1.2E+02       F  T
     888   3          4.6043249795E-02 1.7E-07       3 1.0E+02       F  T
 
    Iter Phase   Ninf     Objective     RGmax      NSB   Step  InItr MX OK
     889   3          4.6043249792E-02 1.8E-07       3 1.2E+02       F  T
     890   3          4.6043249789E-02 1.7E-07       3 1.0E+02       F  T
     891   3          4.6043249786E-02 1.8E-07       3 1.2E+02       F  T
     892   3          4.6043249783E-02 1.7E-07       3 1.0E+02       F  T
     893   3          4.6043249781E-02 1.8E-07       3 1.1E+02       F  T
     894   3          4.6043249778E-02 1.7E-07       3 1.0E+02       F  T
     895   3          4.6043249775E-02 1.7E-07       3 1.1E+02       F  T
     896   3          4.6043249772E-02 1.7E-07       3 1.0E+02       F  T
     897   3          4.6043249770E-02 1.7E-07       3 1.1E+02       F  T
     898   3          4.6043249770E-02 1.7E-07       3
 
 ** Optimal solution. Convergence too slow. The change in objective
    has been less than 3.0002E-12 for 20 consecutive iterations
 
--- Restarting execution
--- PSA_MOF_12.gms(423) 3 Mb
--- Reading solution for model PSA_BenchMark
--- PSA_MOF_12.gms(423) 4 Mb
--- Executing after solve: elapsed 0:05:13.400
--- PSA_MOF_12.gms(426) 5 Mb
*** Status: Normal completion
--- Job PSA_MOF_12.gms Stop 01/11/22 18:20:32 elapsed 0:05:13.400
